<?xml version="1.0" encoding="UTF-8"?>
<!-- Generated by org.testng.reporters.JUnitReportReporter -->
<testsuite hostname="DESKTOP-4K45F5E" failures="0" tests="3" name="com.eportal.qa.testcases.CreateNewContactTest" time="38.526" errors="0" timestamp="29 May 2021 17:43:42 GMT" skipped="0">
  <testcase classname="com.eportal.qa.testcases.CreateNewContactTest" name="createnewaccount" time="19.582"/>
  <testcase classname="com.eportal.qa.testcases.CreateNewContactTest" name="createnewaccount" time="9.345"/>
  <testcase classname="com.eportal.qa.testcases.CreateNewContactTest" name="createnewaccount" time="9.599"/>
</testsuite> <!-- com.eportal.qa.testcases.CreateNewContactTest -->
