<?xml version="1.0" encoding="UTF-8"?>
<!-- Generated by org.testng.reporters.JUnitReportReporter -->
<testsuite hostname="DESKTOP-4K45F5E" failures="0" tests="3" name="com.eportal.qa.testcases.LoginPageTest" time="12.988" errors="0" timestamp="29 May 2021 17:43:42 GMT" skipped="0">
  <testcase classname="com.eportal.qa.testcases.LoginPageTest" name="ValidateTitle" time="3.163"/>
  <testcase classname="com.eportal.qa.testcases.LoginPageTest" name="ValidateForgotPasswordLink" time="5.659"/>
  <testcase classname="com.eportal.qa.testcases.LoginPageTest" name="ValidateLoginFunctionality" time="4.166"/>
</testsuite> <!-- com.eportal.qa.testcases.LoginPageTest -->
